Starting FOnline (version 0438-F8)...
Engine initialization...
Sprite manager initialization...
Sprite manager initialization complete.
Sound manager initialization...
Sound manager initialization complete.
Loaded<325> critter types.
Load scripts...
Bind reserved functions...
Bind reserved functions complete.
Load scripts complete.
Interface initialization.
Load data.
Load sprites.
Interface initialization complete.
Item manager initialization...
Item manager initialization complete.
Hex field initialization...
Hex field initialization complete.
Engine initialization complete.
Engine finish...
Disconnect.
Traffic: send<0>, receive<0>, whole<0>, receive real<0>.
Disconnect success.
Resource manager finish...
Resource manager finish complete.
Hex field finish...
Hex field finish complete.
Sprite manager finish...
Sprite manager finish complete.
Sound manager finish.
Sound manager finish complete.
Engine finish complete.
FOnline finished.
