[00:000] FOnline server, version 0520-F8.
[05:340] ***   Starting initialization   ****
[05:343] Script system initialization...
[05:357] Reload scripts...
[06:022] Reload scripts complete.
[06:022] Bind reserved functions...
[06:027] Bind reserved functions complete.
[06:027] Script system initialization complete.
[06:027] Loading language packs...
[06:083] Loading language packs complete, loaded<2> packs.
[06:083] Reload client scripts...
[06:143] Reload client scripts complete.
[06:143] Indexing client data.
[06:143] Indexing complete, clients found<1>.
[06:143] AI manager initialization...
[06:143] Find bags...
[06:174] Loaded<156> bags.
[06:174] AI manager initialization complete.
[06:174] Item manager initialization...
[06:176] Item manager initialization complete.
[06:176] Critter manager initialization...
[06:193] Critter manager initialization complete.
[06:193] Map manager initialization...
[06:198] Map manager initialization complete.
[06:198] Var manager initialization.
[06:198] Update template vars...
[06:215] Update template vars complete.
[06:215] Var manager initialization complete.
[06:215] Load Dialogs...[06:215] from list<dialogs.lst>.
[06:561] Loading dialogs finish, loaded<858/858>.
[06:652] FixBoy load crafts...
[06:658] FixBoy load crafts complete.
[06:662] Loaded<325> critter types.
[06:670] Loading items prototypes...
[07:355] Items prototypes successfully loaded, count<4615>.
[07:355] Loading critters prototypes...
[07:370] Loaded<529> critter protos, errors<0>.
[07:370] Load location and map prototypes...
[07:691] Load location and map prototypes complete, loaded<138> location protos.
[07:828] Begin load world from dump file<save\world0002.fo>.
[07:828] Load game info...[07:828] complete.
[07:828] Load locations...
[07:830] Load locations complete, count<26>.
[07:830] Load npc...
[07:870] Load npc complete, count<2787>.
[07:870] Load items...[08:027] complete, count<13010>.
[08:027] Load vars...[08:027] complete, count<75>.
[08:027] Load time events...[08:028] complete, count<16>.
[08:032] Transfer all npc to game...
[08:069] Transfer npc complete. Errors<0>.
[08:069] Transfer all items to npc, maps and containers...
[08:081] Transfer game items complete.
[08:299] Starting server on port<4000>.
[08:299] Starting net listen thread.
[08:299] Starting net work threads, count<8>.
[08:395] Starting logic threads, count<1>.
[08:395] ***   Starting game loop   ***
