Logging with time.
(21)Starting FOMapper...
(21)
Mapper Initialization...
(95)Sprite manager initialization...
(231)Sprite manager initialization complete.
(273)DInput init...
(297)DInput init OK
(298)Resource manager initialization...
(413)Resource manager initialization complete.
(414)Sound manager initialization...
(433)Sound manager initialization success.
(435)Init iface
(436)Load data
(448)Init iface success
(527)Loaded<133> critter types.
(527)Items manager init...
(529)Items manager init success.
(556)Critter manager init...
(572)Critter manager init success.
(573)Loading critters prototypes...
(611)Loaded<486> critter protos, errors<0>.
(612)Hex field initialization...
(612)Hex field initialization success.
(642)FEngine Initialization complete.
(5543)SetProtoMap begin.
(5584)SetProtoMap end.
(12475)Mapper finish...
(12479)Resource manager finish...
(12479)Resource manager finish complete.
(12480)Hex field finish...
(12496)Hex field finish complete.
(12496)Sprite manager finish...
(12497)Sprite manager finish complete.
(12497)Sound manager finish.
(12498)Sound manager finish complete.
(12499)Critter manager finish...
(12499)Critter manager finish success.
(12503)Mapper finish complete.
(12503)
FOMapper Closed
