Logging with time.
(15)Starting FOMapper...
(31)
Mapper Initialization...
(31)Create Direct3D...(78)SpriteManager Initialization...
(406)CSpriteManager Initialization complete.
(500)DInput init...
(578)DInput init OK
(578)ResourceMngr Initialization...
(640)ResourceMngr Initialization complete
(640)SoundManager Init.
(765)SoundManager Init Success.
(781)Init iface
(781)Load data
(859)Init iface success
(859)Loading All MSG...
(968)End loading All MSG.
(968)Object manager init...
(968)Clear protos, Type: All
(968)Object manager init Ok
(968)Loading of prototypes of objects from a new format in <.\data\proto\foobj\proto.fopro>
(1000)<7484> prototypes are successfully loaded
(1000)Clear protos, Type: All
(1000)Parse prototype objects, count: 7484
(1015)Parsing of prototype objects is complete
(1015)Hashes of prototype:
		CRC32 of protos Armor: <4221804708>
		CRC32 of protos Drug: <572407196>
		CRC32 of protos Weapon: <2963492830>
		CRC32 of protos Ammo: <774255681>
		CRC32 of protos Misc: <1918163283>
		CRC32 of protos Misc2: <2132234955>
		CRC32 of protos Key: <1050152917>
		CRC32 of protos Container: <2356221321>
		CRC32 of protos Door: <1913128712>
		CRC32 of protos Grid: <3388952507>
		CRC32 of protos Generic: <1898486939>
		CRC32 of protos Wall: <603298278>
		CRC32 of protos Tile: <1259500259>
(1015)Critter Manager Init...(1015)Critter Manager Init Success
(1109)Loaded <483> / <483> critter prototype
(1109)CHexField Initialization...
(1171)CHexField Initialization complete
(1171)FEngine Initialization complete
(10718)Refresh proto map, pid<65535>, name<vcity_mine_u>...(10718)Ok.
(10718)SetProtoMap begin
(10734)CHexField::AddItem - Sprite not found, pid<2002>.
(10734)Unable to parse item object
(10765)SetProtoMap end
(22843)Mapper Finish...
(22843)ResourceMngr Finish...
(22843)ResourceMngr Finish complete
(22843)CHexField Clear...
(22859)CHexField Clear complete
(22859)SpriteManager Clear...
(22859)SpriteManager Clear complete.
(22859)SoundManager Clear.(22859).(22859).(22859).
(22859)SoundManager Clear Complete.
(22859)Critter manager finish...
(22859)Critter manager finish Ok
(22859)Mapper Finish complete
(22859)
FOMapper Closed
