Palette init ... OK.
Load LST files ... OK.
Create PRO structure ... OK.
Create FRM structure ... OK.
Load MSG files ... OK.
DDraw create ... OK.
Set DirectX cooperative level ... OK.
Cannot open file "data\exit.frm"
Cannot open file "data\sai.frm"
Cannot open file "data\wall.frm"
Cannot open file "data\obj.frm"
Cannot open file "data\light.frm"
Cannot open file "data\scr.frm"
Cannot open file "data\self.frm"
Load map "C:\Users\Мочератор\Desktop\convert\VAULT8_out.map".
Need PRO file for ObjType = 3, ObjID = "162
Loaded PRO file "proto\walls\00000162.pro" load 36 of 36 bytes.
Need PRO file for ObjType = 3, ObjID = "164
Loaded PRO file "proto\walls\00000164.pro" load 36 of 36 bytes.
Need PRO file for ObjType = 2, ObjID = "344
Loaded PRO file "proto\scenery\00000345.pro" load 45 of 45 bytes.
Need PRO file for ObjType = 2, ObjID = "103
Loaded PRO file "proto\scenery\00000104.pro" load 45 of 45 bytes.
Need PRO file for ObjType = 2, ObjID = "105
Loaded PRO file "proto\scenery\00000106.pro" load 45 of 45 bytes.
Need PRO file for ObjType = 2, ObjID = "946
Loaded PRO file "proto\scenery\00000947.pro" load 45 of 45 bytes.
Need PRO file for ObjType = 2, ObjID = "319
Loaded PRO file "proto\scenery\00000320.pro" load 45 of 45 bytes.
Need PRO file for ObjType = 2, ObjID = "104
Loaded PRO file "proto\scenery\00000105.pro" load 45 of 45 bytes.
Need PRO file for ObjType = 3, ObjID = "161
Loaded PRO file "proto\walls\00000161.pro" load 36 of 36 bytes.
Need PRO file for ObjType = 2, ObjID = "943
Loaded PRO file "proto\scenery\00000944.pro" load 45 of 45 bytes.
Need PRO file for ObjType = 2, ObjID = "320
Loaded PRO file "proto\scenery\00000321.pro" load 45 of 45 bytes.
Need PRO file for ObjType = 3, ObjID = "622
Loaded PRO file "proto\walls\00000622.pro" load 36 of 36 bytes.
Need PRO file for ObjType = 3, ObjID = "163
Loaded PRO file "proto\walls\00000163.pro" load 36 of 36 bytes.
Need PRO file for ObjType = 2, ObjID = "321
Loaded PRO file "proto\scenery\00000322.pro" load 45 of 45 bytes.
Need PRO file for ObjType = 2, ObjID = "945
Loaded PRO file "proto\scenery\00000946.pro" load 45 of 45 bytes.
Need PRO file for ObjType = 2, ObjID = "1386
Loaded PRO file "proto\scenery\00001387.pro" load 45 of 45 bytes.
Need PRO file for ObjType = 5, ObjID = "12
Loaded PRO file "proto\misc\00000012.pro" load 28 of 28 bytes.
Need PRO file for ObjType = 2, ObjID = "947
Loaded PRO file "proto\scenery\00000948.pro" load 45 of 45 bytes.
Need PRO file for ObjType = 1, ObjID = "4
Loaded PRO file "proto\critters\00000004.pro" load 416 of 416 bytes.
Need PRO file for ObjType = 2, ObjID = "102
Loaded PRO file "proto\scenery\00000103.pro" load 45 of 45 bytes.
Need PRO file for ObjType = 5, ObjID = "20
Loaded PRO file "proto\misc\00000020.pro" load 28 of 28 bytes.
Need PRO file for ObjType = 3, ObjID = "891
Loaded PRO file "proto\walls\00000891.pro" load 36 of 36 bytes.
Need PRO file for ObjType = 3, ObjID = "621
Loaded PRO file "proto\walls\00000621.pro" load 36 of 36 bytes.
Need PRO file for ObjType = 3, ObjID = "886
Loaded PRO file "proto\walls\00000886.pro" load 36 of 36 bytes.
Need PRO file for ObjType = 3, ObjID = "885
Loaded PRO file "proto\walls\00000885.pro" load 36 of 36 bytes.
Need PRO file for ObjType = 3, ObjID = "884
Loaded PRO file "proto\walls\00000884.pro" load 36 of 36 bytes.
Need PRO file for ObjType = 3, ObjID = "883
Loaded PRO file "proto\walls\00000883.pro" load 36 of 36 bytes.
Need PRO file for ObjType = 3, ObjID = "882
Loaded PRO file "proto\walls\00000882.pro" load 36 of 36 bytes.
Need PRO file for ObjType = 3, ObjID = "881
Loaded PRO file "proto\walls\00000881.pro" load 36 of 36 bytes.
Need PRO file for ObjType = 3, ObjID = "880
Loaded PRO file "proto\walls\00000880.pro" load 36 of 36 bytes.
Need PRO file for ObjType = 3, ObjID = "879
Loaded PRO file "proto\walls\00000879.pro" load 36 of 36 bytes.
Need PRO file for ObjType = 2, ObjID = "108
Loaded PRO file "proto\scenery\00000109.pro" load 45 of 45 bytes.
Need PRO file for ObjType = 3, ObjID = "887
Loaded PRO file "proto\walls\00000887.pro" load 36 of 36 bytes.
Need PRO file for ObjType = 3, ObjID = "898
Loaded PRO file "proto\walls\00000898.pro" load 36 of 36 bytes.
Need PRO file for ObjType = 2, ObjID = "561
Loaded PRO file "proto\scenery\00000562.pro" load 45 of 45 bytes.
Need PRO file for ObjType = 2, ObjID = "67
Loaded PRO file "proto\scenery\00000068.pro" load 45 of 45 bytes.
Need PRO file for ObjType = 2, ObjID = "49
Loaded PRO file "proto\scenery\00000050.pro" load 45 of 45 bytes.
Need PRO file for ObjType = 3, ObjID = "1296
Loaded PRO file "proto\walls\00001296.pro" load 36 of 36 bytes.
Need PRO file for ObjType = 2, ObjID = "1842
Loaded PRO file "proto\scenery\00001843.pro" load 45 of 45 bytes.
Need PRO file for ObjType = 3, ObjID = "888
Loaded PRO file "proto\walls\00000888.pro" load 36 of 36 bytes.
Need PRO file for ObjType = 2, ObjID = "425
Loaded PRO file "proto\scenery\00000426.pro" load 45 of 45 bytes.
Need PRO file for ObjType = 3, ObjID = "899
Loaded PRO file "proto\walls\00000899.pro" load 36 of 36 bytes.
Need PRO file for ObjType = 3, ObjID = "862
Loaded PRO file "proto\walls\00000862.pro" load 36 of 36 bytes.
Need PRO file for ObjType = 2, ObjID = "1380
Loaded PRO file "proto\scenery\00001381.pro" load 45 of 45 bytes.
Need PRO file for ObjType = 2, ObjID = "944
Loaded PRO file "proto\scenery\00000945.pro" load 45 of 45 bytes.
Need PRO file for ObjType = 2, ObjID = "93
Loaded PRO file "proto\scenery\00000094.pro" load 45 of 45 bytes.
Need PRO file for ObjType = 3, ObjID = "1297
Loaded PRO file "proto\walls\00001297.pro" load 36 of 36 bytes.
Need PRO file for ObjType = 3, ObjID = "889
Loaded PRO file "proto\walls\00000889.pro" load 36 of 36 bytes.
Need PRO file for ObjType = 2, ObjID = "1581
Loaded PRO file "proto\scenery\00001582.pro" load 45 of 45 bytes.
Need PRO file for ObjType = 3, ObjID = "851
Loaded PRO file "proto\walls\00000851.pro" load 36 of 36 bytes.
Need PRO file for ObjType = 2, ObjID = "92
Loaded PRO file "proto\scenery\00000093.pro" load 45 of 45 bytes.
Need PRO file for ObjType = 3, ObjID = "1298
Loaded PRO file "proto\walls\00001298.pro" load 36 of 36 bytes.
Need PRO file for ObjType = 3, ObjID = "890
Loaded PRO file "proto\walls\00000890.pro" load 36 of 36 bytes.
Need PRO file for ObjType = 3, ObjID = "905
Loaded PRO file "proto\walls\00000905.pro" load 36 of 36 bytes.
Need PRO file for ObjType = 3, ObjID = "850
Loaded PRO file "proto\walls\00000850.pro" load 36 of 36 bytes.
Need PRO file for ObjType = 2, ObjID = "90
Loaded PRO file "proto\scenery\00000091.pro" load 45 of 45 bytes.
Need PRO file for ObjType = 3, ObjID = "1299
Loaded PRO file "proto\walls\00001299.pro" load 36 of 36 bytes.
Need PRO file for ObjType = 2, ObjID = "141
Loaded PRO file "proto\scenery\00000142.pro" load 45 of 45 bytes.
Need PRO file for ObjType = 3, ObjID = "902
Loaded PRO file "proto\walls\00000902.pro" load 36 of 36 bytes.
Need PRO file for ObjType = 3, ObjID = "849
Loaded PRO file "proto\walls\00000849.pro" load 36 of 36 bytes.
Need PRO file for ObjType = 2, ObjID = "1442
Loaded PRO file "proto\scenery\00001443.pro" load 45 of 45 bytes.
Need PRO file for ObjType = 3, ObjID = "1300
Loaded PRO file "proto\walls\00001300.pro" load 36 of 36 bytes.
Need PRO file for ObjType = 2, ObjID = "426
Loaded PRO file "proto\scenery\00000427.pro" load 45 of 45 bytes.
Need PRO file for ObjType = 3, ObjID = "916
Loaded PRO file "proto\walls\00000916.pro" load 36 of 36 bytes.
Need PRO file for ObjType = 3, ObjID = "909
Loaded PRO file "proto\walls\00000909.pro" load 36 of 36 bytes.
Need PRO file for ObjType = 3, ObjID = "912
Loaded PRO file "proto\walls\00000912.pro" load 36 of 36 bytes.
Need PRO file for ObjType = 3, ObjID = "911
Loaded PRO file "proto\walls\00000911.pro" load 36 of 36 bytes.
Need PRO file for ObjType = 3, ObjID = "910
Loaded PRO file "proto\walls\00000910.pro" load 36 of 36 bytes.
Need PRO file for ObjType = 2, ObjID = "280
Loaded PRO file "proto\scenery\00000281.pro" load 45 of 45 bytes.
Need PRO file for ObjType = 2, ObjID = "278
Loaded PRO file "proto\scenery\00000279.pro" load 45 of 45 bytes.
Need PRO file for ObjType = 3, ObjID = "1301
Loaded PRO file "proto\walls\00001301.pro" load 36 of 36 bytes.
Need PRO file for ObjType = 2, ObjID = "125
Loaded PRO file "proto\scenery\00000126.pro" load 45 of 45 bytes.
Need PRO file for ObjType = 3, ObjID = "1302
Loaded PRO file "proto\walls\00001302.pro" load 36 of 36 bytes.
Need PRO file for ObjType = 1, ObjID = "107
Loaded PRO file "proto\critters\00000107.pro" load 416 of 416 bytes.
Need PRO file for ObjType = 5, ObjID = "16
Loaded PRO file "proto\misc\00000016.pro" load 28 of 28 bytes.
Need PRO file for ObjType = 3, ObjID = "1303
Loaded PRO file "proto\walls\00001303.pro" load 36 of 36 bytes.
Need PRO file for ObjType = 3, ObjID = "1304
Loaded PRO file "proto\walls\00001304.pro" load 36 of 36 bytes.
Need PRO file for ObjType = 3, ObjID = "892
Loaded PRO file "proto\walls\00000892.pro" load 36 of 36 bytes.
Need PRO file for ObjType = 3, ObjID = "1305
Loaded PRO file "proto\walls\00001305.pro" load 36 of 36 bytes.
Need PRO file for ObjType = 2, ObjID = "279
Loaded PRO file "proto\scenery\00000280.pro" load 45 of 45 bytes.
Need PRO file for ObjType = 3, ObjID = "1306
Loaded PRO file "proto\walls\00001306.pro" load 36 of 36 bytes.
Need PRO file for ObjType = 3, ObjID = "901
Loaded PRO file "proto\walls\00000901.pro" load 36 of 36 bytes.
Need PRO file for ObjType = 3, ObjID = "920
Loaded PRO file "proto\walls\00000920.pro" load 36 of 36 bytes.
Need PRO file for ObjType = 3, ObjID = "1307
Loaded PRO file "proto\walls\00001307.pro" load 36 of 36 bytes.
Need PRO file for ObjType = 2, ObjID = "14
Loaded PRO file "proto\scenery\00000014.pro" load 45 of 45 bytes.
Need PRO file for ObjType = 3, ObjID = "1308
Loaded PRO file "proto\walls\00001308.pro" load 36 of 36 bytes.
Need PRO file for ObjType = 1, ObjID = "13
Loaded PRO file "proto\critters\00000013.pro" load 416 of 416 bytes.
Need PRO file for ObjType = 0, ObjID = "242
Loaded PRO file "proto\items\00000242.pro" load 122 of 122 bytes.
Need PRO file for ObjType = 0, ObjID = "95
Loaded PRO file "proto\items\00000095.pro" load 81 of 81 bytes.
Need PRO file for ObjType = 3, ObjID = "1309
Loaded PRO file "proto\walls\00001309.pro" load 36 of 36 bytes.
Need PRO file for ObjType = 5, ObjID = "23
Loaded PRO file "proto\misc\00000023.pro" load 28 of 28 bytes.
Need PRO file for ObjType = 3, ObjID = "1310
Loaded PRO file "proto\walls\00001310.pro" load 36 of 36 bytes.
Need PRO file for ObjType = 2, ObjID = "62
Loaded PRO file "proto\scenery\00000063.pro" load 45 of 45 bytes.
Need PRO file for ObjType = 3, ObjID = "1311
Loaded PRO file "proto\walls\00001311.pro" load 36 of 36 bytes.
Need PRO file for ObjType = 2, ObjID = "1668
Loaded PRO file "proto\scenery\00001669.pro" load 45 of 45 bytes.
Need PRO file for ObjType = 2, ObjID = "1340
Loaded PRO file "proto\scenery\00001341.pro" load 45 of 45 bytes.
Need PRO file for ObjType = 2, ObjID = "1339
Loaded PRO file "proto\scenery\00001340.pro" load 45 of 45 bytes.
Need PRO file for ObjType = 2, ObjID = "1341
Loaded PRO file "proto\scenery\00001342.pro" load 45 of 45 bytes.
Need PRO file for ObjType = 3, ObjID = "1312
Loaded PRO file "proto\walls\00001312.pro" load 36 of 36 bytes.
Need PRO file for ObjType = 1, ObjID = "71
Loaded PRO file "proto\critters\00000071.pro" load 416 of 416 bytes.
Need PRO file for ObjType = 0, ObjID = "35
Loaded PRO file "proto\items\00000035.pro" load 81 of 81 bytes.
Need PRO file for ObjType = 0, ObjID = "23
Loaded PRO file "proto\items\00000023.pro" load 122 of 122 bytes.
Need PRO file for ObjType = 3, ObjID = "1313
Loaded PRO file "proto\walls\00001313.pro" load 36 of 36 bytes.
Need PRO file for ObjType = 3, ObjID = "903
Loaded PRO file "proto\walls\00000903.pro" load 36 of 36 bytes.
Need PRO file for ObjType = 2, ObjID = "1669
Loaded PRO file "proto\scenery\00001670.pro" load 45 of 45 bytes.
Need PRO file for ObjType = 2, ObjID = "1
Loaded PRO file "proto\scenery\00000024.pro" load 45 of 45 bytes.
Need PRO file for ObjType = 3, ObjID = "1314
Loaded PRO file "proto\walls\00001314.pro" load 36 of 36 bytes.
Need PRO file for ObjType = 3, ObjID = "904
Loaded PRO file "proto\walls\00000904.pro" load 36 of 36 bytes.
Need PRO file for ObjType = 3, ObjID = "1315
Loaded PRO file "proto\walls\00001315.pro" load 36 of 36 bytes.
Need PRO file for ObjType = 3, ObjID = "1316
Loaded PRO file "proto\walls\00001316.pro" load 36 of 36 bytes.
Need PRO file for ObjType = 3, ObjID = "867
Loaded PRO file "proto\walls\00000867.pro" load 36 of 36 bytes.
Need PRO file for ObjType = 3, ObjID = "865
Loaded PRO file "proto\walls\00000865.pro" load 36 of 36 bytes.
Need PRO file for ObjType = 3, ObjID = "874
Loaded PRO file "proto\walls\00000874.pro" load 36 of 36 bytes.
Need PRO file for ObjType = 2, ObjID = "1387
Loaded PRO file "proto\scenery\00001388.pro" load 49 of 49 bytes.
Need PRO file for ObjType = 3, ObjID = "873
Loaded PRO file "proto\walls\00000873.pro" load 36 of 36 bytes.
Need PRO file for ObjType = 3, ObjID = "863
Loaded PRO file "proto\walls\00000863.pro" load 36 of 36 bytes.
Need PRO file for ObjType = 2, ObjID = "1381
Loaded PRO file "proto\scenery\00001382.pro" load 45 of 45 bytes.
Need PRO file for ObjType = 3, ObjID = "1317
Loaded PRO file "proto\walls\00001317.pro" load 36 of 36 bytes.
Need PRO file for ObjType = 3, ObjID = "878
Loaded PRO file "proto\walls\00000878.pro" load 36 of 36 bytes.
Need PRO file for ObjType = 2, ObjID = "1382
Loaded PRO file "proto\scenery\00001383.pro" load 45 of 45 bytes.
Need PRO file for ObjType = 3, ObjID = "868
Loaded PRO file "proto\walls\00000868.pro" load 36 of 36 bytes.
Need PRO file for ObjType = 2, ObjID = "1437
Loaded PRO file "proto\scenery\00001438.pro" load 45 of 45 bytes.
Need PRO file for ObjType = 3, ObjID = "866
Loaded PRO file "proto\walls\00000866.pro" load 36 of 36 bytes.
Need PRO file for ObjType = 3, ObjID = "1318
Loaded PRO file "proto\walls\00001318.pro" load 36 of 36 bytes.
Need PRO file for ObjType = 3, ObjID = "1319
Loaded PRO file "proto\walls\00001319.pro" load 36 of 36 bytes.
Need PRO file for ObjType = 0, ObjID = "34
Loaded PRO file "proto\items\00000034.pro" load 81 of 81 bytes.
Need PRO file for ObjType = 0, ObjID = "10
Loaded PRO file "proto\items\00000011.pro" load 122 of 122 bytes.
Need PRO file for ObjType = 1, ObjID = "3
Loaded PRO file "proto\critters\00000003.pro" load 416 of 416 bytes.
Need PRO file for ObjType = 2, ObjID = "111
Loaded PRO file "proto\scenery\00000112.pro" load 45 of 45 bytes.
Need PRO file for ObjType = 2, ObjID = "1662
Loaded PRO file "proto\scenery\00001663.pro" load 45 of 45 bytes.
Need PRO file for ObjType = 3, ObjID = "1321
Loaded PRO file "proto\walls\00001321.pro" load 36 of 36 bytes.
Need PRO file for ObjType = 3, ObjID = "1320
Loaded PRO file "proto\walls\00001320.pro" load 36 of 36 bytes.
Need PRO file for ObjType = 2, ObjID = "1344
Loaded PRO file "proto\scenery\00001345.pro" load 45 of 45 bytes.
Need PRO file for ObjType = 2, ObjID = "1342
Loaded PRO file "proto\scenery\00001343.pro" load 45 of 45 bytes.
Need PRO file for ObjType = 2, ObjID = "1345
Loaded PRO file "proto\scenery\00001346.pro" load 45 of 45 bytes.
Need PRO file for ObjType = 2, ObjID = "1343
Loaded PRO file "proto\scenery\00001344.pro" load 45 of 45 bytes.
Need PRO file for ObjType = 2, ObjID = "1346
Loaded PRO file "proto\scenery\00001347.pro" load 45 of 45 bytes.
Need PRO file for ObjType = 3, ObjID = "1322
Loaded PRO file "proto\walls\00001322.pro" load 36 of 36 bytes.
Need PRO file for ObjType = 3, ObjID = "1323
Loaded PRO file "proto\walls\00001323.pro" load 36 of 36 bytes.
Need PRO file for ObjType = 3, ObjID = "173
Loaded PRO file "proto\walls\00000173.pro" load 36 of 36 bytes.
Need PRO file for ObjType = 3, ObjID = "167
Loaded PRO file "proto\walls\00000167.pro" load 36 of 36 bytes.
Need PRO file for ObjType = 3, ObjID = "166
Loaded PRO file "proto\walls\00000166.pro" load 36 of 36 bytes.
Need PRO file for ObjType = 3, ObjID = "165
Loaded PRO file "proto\walls\00000165.pro" load 36 of 36 bytes.
Need PRO file for ObjType = 3, ObjID = "169
Loaded PRO file "proto\walls\00000169.pro" load 36 of 36 bytes.
Need PRO file for ObjType = 3, ObjID = "170
Loaded PRO file "proto\walls\00000170.pro" load 36 of 36 bytes.
Need PRO file for ObjType = 5, ObjID = "19
Loaded PRO file "proto\misc\00000019.pro" load 28 of 28 bytes.
Need PRO file for ObjType = 3, ObjID = "1324
Loaded PRO file "proto\walls\00001324.pro" load 36 of 36 bytes.
Need PRO file for ObjType = 3, ObjID = "1325
Loaded PRO file "proto\walls\00001325.pro" load 36 of 36 bytes.
Need PRO file for ObjType = 0, ObjID = "79
Loaded PRO file "proto\items\00000079.pro" load 122 of 122 bytes.
Need PRO file for ObjType = 3, ObjID = "1326
Loaded PRO file "proto\walls\00001326.pro" load 36 of 36 bytes.
Need PRO file for ObjType = 3, ObjID = "1327
Loaded PRO file "proto\walls\00001327.pro" load 36 of 36 bytes.
Need PRO file for ObjType = 0, ObjID = "126
Loaded PRO file "proto\items\00000126.pro" load 125 of 125 bytes.
Need PRO file for ObjType = 2, ObjID = "1843
Loaded PRO file "proto\scenery\00001844.pro" load 45 of 45 bytes.
Need PRO file for ObjType = 3, ObjID = "1328
Loaded PRO file "proto\walls\00001328.pro" load 36 of 36 bytes.
Need PRO file for ObjType = 3, ObjID = "1329
Loaded PRO file "proto\walls\00001329.pro" load 36 of 36 bytes.
Need PRO file for ObjType = 3, ObjID = "1330
Loaded PRO file "proto\walls\00001330.pro" load 36 of 36 bytes.
Need PRO file for ObjType = 3, ObjID = "1331
Loaded PRO file "proto\walls\00001331.pro" load 36 of 36 bytes.
Need PRO file for ObjType = 2, ObjID = "13
Loaded PRO file "proto\scenery\00000013.pro" load 45 of 45 bytes.
Need PRO file for ObjType = 3, ObjID = "1332
Loaded PRO file "proto\walls\00001332.pro" load 36 of 36 bytes.
Need PRO file for ObjType = 2, ObjID = "630
Loaded PRO file "proto\scenery\00000631.pro" load 45 of 45 bytes.
Need PRO file for ObjType = 1, ObjID = "91
Loaded PRO file "proto\critters\00000091.pro" load 416 of 416 bytes.
Need PRO file for ObjType = 0, ObjID = "18
Loaded PRO file "proto\items\00000018.pro" load 122 of 122 bytes.
Need PRO file for ObjType = 0, ObjID = "31
Loaded PRO file "proto\items\00000031.pro" load 81 of 81 bytes.
Need PRO file for ObjType = 0, ObjID = "29
Loaded PRO file "proto\items\00000029.pro" load 81 of 81 bytes.
Need PRO file for ObjType = 0, ObjID = "9
Loaded PRO file "proto\items\00000002.pro" load 122 of 122 bytes.
Need PRO file for ObjType = 3, ObjID = "1333
Loaded PRO file "proto\walls\00001333.pro" load 36 of 36 bytes.
Need PRO file for ObjType = 3, ObjID = "854
Loaded PRO file "proto\walls\00000854.pro" load 36 of 36 bytes.
Need PRO file for ObjType = 3, ObjID = "1334
Loaded PRO file "proto\walls\00001334.pro" load 36 of 36 bytes.
Need PRO file for ObjType = 2, ObjID = "631
Loaded PRO file "proto\scenery\00000632.pro" load 45 of 45 bytes.
Need PRO file for ObjType = 2, ObjID = "1388
Loaded PRO file "proto\scenery\00001389.pro" load 49 of 49 bytes.
Need PRO file for ObjType = 3, ObjID = "1335
Loaded PRO file "proto\walls\00001335.pro" load 36 of 36 bytes.
Need PRO file for ObjType = 2, ObjID = "3
Loaded PRO file "proto\scenery\00000003.pro" load 45 of 45 bytes.
Need PRO file for ObjType = 3, ObjID = "855
Loaded PRO file "proto\walls\00000855.pro" load 36 of 36 bytes.
Need PRO file for ObjType = 3, ObjID = "1336
Loaded PRO file "proto\walls\00001336.pro" load 36 of 36 bytes.
Need PRO file for ObjType = 3, ObjID = "1337
Loaded PRO file "proto\walls\00001337.pro" load 36 of 36 bytes.
Need PRO file for ObjType = 3, ObjID = "1338
Loaded PRO file "proto\walls\00001338.pro" load 36 of 36 bytes.
Need PRO file for ObjType = 3, ObjID = "1339
Loaded PRO file "proto\walls\00001339.pro" load 36 of 36 bytes.
Need PRO file for ObjType = 2, ObjID = "1439
Loaded PRO file "proto\scenery\00001440.pro" load 45 of 45 bytes.
Need PRO file for ObjType = 2, ObjID = "25
Loaded PRO file "proto\scenery\00000026.pro" load 45 of 45 bytes.
Need PRO file for ObjType = 2, ObjID = "1893
Loaded PRO file "proto\scenery\00001894.pro" load 45 of 45 bytes.
Need PRO file for ObjType = 2, ObjID = "126
Loaded PRO file "proto\scenery\00000127.pro" load 45 of 45 bytes.
Need PRO file for ObjType = 3, ObjID = "1340
Loaded PRO file "proto\walls\00001340.pro" load 36 of 36 bytes.
Need PRO file for ObjType = 2, ObjID = "127
Loaded PRO file "proto\scenery\00000128.pro" load 45 of 45 bytes.
Need PRO file for ObjType = 3, ObjID = "1341
Loaded PRO file "proto\walls\00001341.pro" load 36 of 36 bytes.
Need PRO file for ObjType = 3, ObjID = "1342
Loaded PRO file "proto\walls\00001342.pro" load 36 of 36 bytes.
Need PRO file for ObjType = 2, ObjID = "56
Loaded PRO file "proto\scenery\00000057.pro" load 45 of 45 bytes.
Need PRO file for ObjType = 3, ObjID = "1343
Loaded PRO file "proto\walls\00001343.pro" load 36 of 36 bytes.
Need PRO file for ObjType = 2, ObjID = "1383
Loaded PRO file "proto\scenery\00001384.pro" load 45 of 45 bytes.
Need PRO file for ObjType = 2, ObjID = "26
Loaded PRO file "proto\scenery\00000027.pro" load 45 of 45 bytes.
Need PRO file for ObjType = 2, ObjID = "1441
Loaded PRO file "proto\scenery\00001442.pro" load 45 of 45 bytes.
Need PRO file for ObjType = 2, ObjID = "4
Loaded PRO file "proto\scenery\00000004.pro" load 45 of 45 bytes.
Need PRO file for ObjType = 2, ObjID = "572
Loaded PRO file "proto\scenery\00000573.pro" load 45 of 45 bytes.
Need PRO file for ObjType = 2, ObjID = "1831
Loaded PRO file "proto\scenery\00001832.pro" load 45 of 45 bytes.
Need PRO file for ObjType = 2, ObjID = "1833
Loaded PRO file "proto\scenery\00001834.pro" load 45 of 45 bytes.
Need PRO file for ObjType = 2, ObjID = "1832
Loaded PRO file "proto\scenery\00001833.pro" load 45 of 45 bytes.
Need PRO file for ObjType = 2, ObjID = "1830
Loaded PRO file "proto\scenery\00001831.pro" load 45 of 45 bytes.
Need PRO file for ObjType = 3, ObjID = "908
Loaded PRO file "proto\walls\00000908.pro" load 36 of 36 bytes.
Need PRO file for ObjType = 3, ObjID = "1590
Loaded PRO file "proto\walls\00001590.pro" load 36 of 36 bytes.
Need PRO file for ObjType = 2, ObjID = "1532
Loaded PRO file "proto\scenery\00001533.pro" load 49 of 49 bytes.
Need PRO file for ObjType = 3, ObjID = "1589
Loaded PRO file "proto\walls\00001589.pro" load 36 of 36 bytes.
Need PRO file for ObjType = 1, ObjID = "22
Loaded PRO file "proto\critters\00000022.pro" load 416 of 416 bytes.
Need PRO file for ObjType = 0, ObjID = "204
Loaded PRO file "proto\items\00000204.pro" load 65 of 65 bytes.
Need PRO file for ObjType = 2, ObjID = "12
Loaded PRO file "proto\scenery\00000012.pro" load 45 of 45 bytes.
Need PRO file for ObjType = 2, ObjID = "46
Loaded PRO file "proto\scenery\00000047.pro" load 45 of 45 bytes.
Need PRO file for ObjType = 2, ObjID = "47
Loaded PRO file "proto\scenery\00000048.pro" load 45 of 45 bytes.
Need PRO file for ObjType = 2, ObjID = "48
Loaded PRO file "proto\scenery\00000049.pro" load 45 of 45 bytes.
Need PRO file for ObjType = 2, ObjID = "151
Loaded PRO file "proto\scenery\00000152.pro" load 49 of 49 bytes.
Need PRO file for ObjType = 2, ObjID = "91
Loaded PRO file "proto\scenery\00000092.pro" load 45 of 45 bytes.
Need PRO file for ObjType = 2, ObjID = "571
Loaded PRO file "proto\scenery\00000572.pro" load 45 of 45 bytes.
Need PRO file for ObjType = 2, ObjID = "1829
Loaded PRO file "proto\scenery\00001830.pro" load 45 of 45 bytes.
Need PRO file for ObjType = 2, ObjID = "1828
Loaded PRO file "proto\scenery\00001829.pro" load 45 of 45 bytes.
Need PRO file for ObjType = 2, ObjID = "1827
Loaded PRO file "proto\scenery\00001828.pro" load 45 of 45 bytes.
Need PRO file for ObjType = 2, ObjID = "1826
Loaded PRO file "proto\scenery\00001827.pro" load 45 of 45 bytes.
Need PRO file for ObjType = 2, ObjID = "40
Loaded PRO file "proto\scenery\00000041.pro" load 45 of 45 bytes.
Need PRO file for ObjType = 3, ObjID = "893
Loaded PRO file "proto\walls\00000893.pro" load 36 of 36 bytes.
Need PRO file for ObjType = 2, ObjID = "1385
Loaded PRO file "proto\scenery\00001386.pro" load 45 of 45 bytes.
Need PRO file for ObjType = 2, ObjID = "1438
Loaded PRO file "proto\scenery\00001439.pro" load 45 of 45 bytes.
Need PRO file for ObjType = 2, ObjID = "613
Loaded PRO file "proto\scenery\00000614.pro" load 45 of 45 bytes.
Need PRO file for ObjType = 0, ObjID = "187
Loaded PRO file "proto\items\00000187.pro" load 65 of 65 bytes.
Need PRO file for ObjType = 2, ObjID = "427
Loaded PRO file "proto\scenery\00000428.pro" load 45 of 45 bytes.
Need PRO file for ObjType = 2, ObjID = "1440
Loaded PRO file "proto\scenery\00001441.pro" load 45 of 45 bytes.
Need PRO file for ObjType = 0, ObjID = "134
Loaded PRO file "proto\items\00000134.pro" load 65 of 65 bytes.
Need PRO file for ObjType = 0, ObjID = "4
Loaded PRO file "proto\items\00000012.pro" load 122 of 122 bytes.
Need PRO file for ObjType = 0, ObjID = "281
Loaded PRO file "proto\items\00000281.pro" load 69 of 69 bytes.
Need PRO file for ObjType = 2, ObjID = "1384
Loaded PRO file "proto\scenery\00001385.pro" load 45 of 45 bytes.
Need PRO file for ObjType = 2, ObjID = "1444
Loaded PRO file "proto\scenery\00001445.pro" load 45 of 45 bytes.
Need PRO file for ObjType = 2, ObjID = "1179
Loaded PRO file "proto\scenery\00001180.pro" load 45 of 45 bytes.
Need PRO file for ObjType = 2, ObjID = "1180
Loaded PRO file "proto\scenery\00001181.pro" load 45 of 45 bytes.
Need PRO file for ObjType = 3, ObjID = "812
Loaded PRO file "proto\walls\00000812.pro" load 36 of 36 bytes.
Need PRO file for ObjType = 3, ObjID = "802
Loaded PRO file "proto\walls\00000802.pro" load 36 of 36 bytes.
Need PRO file for ObjType = 3, ObjID = "804
Loaded PRO file "proto\walls\00000804.pro" load 36 of 36 bytes.
Need PRO file for ObjType = 3, ObjID = "803
Loaded PRO file "proto\walls\00000803.pro" load 36 of 36 bytes.
Need PRO file for ObjType = 3, ObjID = "806
Loaded PRO file "proto\walls\00000806.pro" load 36 of 36 bytes.
Need PRO file for ObjType = 3, ObjID = "805
Loaded PRO file "proto\walls\00000805.pro" load 36 of 36 bytes.
Need PRO file for ObjType = 3, ObjID = "801
Loaded PRO file "proto\walls\00000801.pro" load 36 of 36 bytes.
Need PRO file for ObjType = 3, ObjID = "811
Loaded PRO file "proto\walls\00000811.pro" load 36 of 36 bytes.
Need PRO file for ObjType = 3, ObjID = "810
Loaded PRO file "proto\walls\00000810.pro" load 36 of 36 bytes.
Need PRO file for ObjType = 3, ObjID = "809
Loaded PRO file "proto\walls\00000809.pro" load 36 of 36 bytes.
Need PRO file for ObjType = 3, ObjID = "808
Loaded PRO file "proto\walls\00000808.pro" load 36 of 36 bytes.
Need PRO file for ObjType = 3, ObjID = "807
Loaded PRO file "proto\walls\00000807.pro" load 36 of 36 bytes.
Need PRO file for ObjType = 2, ObjID = "286
Loaded PRO file "proto\scenery\00000287.pro" load 45 of 45 bytes.
Need PRO file for ObjType = 5, ObjID = "22
Loaded PRO file "proto\misc\00000022.pro" load 28 of 28 bytes.
Need PRO file for ObjType = 5, ObjID = "18
Loaded PRO file "proto\misc\00000018.pro" load 28 of 28 bytes.
Need PRO file for ObjType = 5, ObjID = "17
Loaded PRO file "proto\misc\00000017.pro" load 28 of 28 bytes.
Need PRO file for ObjType = 3, ObjID = "651
Loaded PRO file "proto\walls\00000651.pro" load 36 of 36 bytes.
Need PRO file for ObjType = 3, ObjID = "20
Loaded PRO file "proto\walls\00000111.pro" load 36 of 36 bytes.
Need PRO file for ObjType = 3, ObjID = "5
Loaded PRO file "proto\walls\00000087.pro" load 36 of 36 bytes.
Need PRO file for ObjType = 3, ObjID = "4
Loaded PRO file "proto\walls\00000086.pro" load 36 of 36 bytes.
Need PRO file for ObjType = 3, ObjID = "3
Loaded PRO file "proto\walls\00000093.pro" load 36 of 36 bytes.
Need PRO file for ObjType = 3, ObjID = "1
Loaded PRO file "proto\walls\00000084.pro" load 36 of 36 bytes.
Need PRO file for ObjType = 3, ObjID = "19
Loaded PRO file "proto\walls\00000112.pro" load 36 of 36 bytes.
Need PRO file for ObjType = 3, ObjID = "18
Loaded PRO file "proto\walls\00000125.pro" load 36 of 36 bytes.
Need PRO file for ObjType = 3, ObjID = "230
Loaded PRO file "proto\walls\00000230.pro" load 36 of 36 bytes.
Need PRO file for ObjType = 3, ObjID = "12
Loaded PRO file "proto\walls\00000079.pro" load 36 of 36 bytes.
Need PRO file for ObjType = 3, ObjID = "233
Loaded PRO file "proto\walls\00000233.pro" load 36 of 36 bytes.
Need PRO file for ObjType = 3, ObjID = "15
Loaded PRO file "proto\walls\00000080.pro" load 36 of 36 bytes.
Need PRO file for ObjType = 2, ObjID = "34
Loaded PRO file "proto\scenery\00000035.pro" load 45 of 45 bytes.
Need PRO file for ObjType = 2, ObjID = "15
Loaded PRO file "proto\scenery\00000015.pro" load 45 of 45 bytes.
Need PRO file for ObjType = 3, ObjID = "231
Loaded PRO file "proto\walls\00000231.pro" load 36 of 36 bytes.
Need PRO file for ObjType = 3, ObjID = "13
Loaded PRO file "proto\walls\00000078.pro" load 36 of 36 bytes.
Need PRO file for ObjType = 3, ObjID = "232
Loaded PRO file "proto\walls\00000232.pro" load 36 of 36 bytes.
Need PRO file for ObjType = 3, ObjID = "7
Loaded PRO file "proto\walls\00000089.pro" load 36 of 36 bytes.
Need PRO file for ObjType = 3, ObjID = "6
Loaded PRO file "proto\walls\00000088.pro" load 36 of 36 bytes.
Need PRO file for ObjType = 3, ObjID = "22
Loaded PRO file "proto\walls\00000159.pro" load 36 of 36 bytes.
Need PRO file for ObjType = 3, ObjID = "21
Loaded PRO file "proto\walls\00000109.pro" load 36 of 36 bytes.
Need PRO file for ObjType = 3, ObjID = "31
Loaded PRO file "proto\walls\00000127.pro" load 36 of 36 bytes.
Need PRO file for ObjType = 3, ObjID = "2
Loaded PRO file "proto\walls\00000092.pro" load 36 of 36 bytes.
Need PRO file for ObjType = 3, ObjID = "30
Loaded PRO file "proto\walls\00000126.pro" load 36 of 36 bytes.
Need PRO file for ObjType = 2, ObjID = "419
Loaded PRO file "proto\scenery\00000420.pro" load 45 of 45 bytes.
Need PRO file for ObjType = 2, ObjID = "29
Loaded PRO file "proto\scenery\00000030.pro" load 45 of 45 bytes.
Need PRO file for ObjType = 2, ObjID = "417
Loaded PRO file "proto\scenery\00000418.pro" load 45 of 45 bytes.
Need PRO file for ObjType = 2, ObjID = "11
Loaded PRO file "proto\scenery\00000011.pro" load 45 of 45 bytes.
Need PRO file for ObjType = 3, ObjID = "14
Loaded PRO file "proto\walls\00000081.pro" load 36 of 36 bytes.
Need PRO file for ObjType = 3, ObjID = "32
Loaded PRO file "proto\walls\00000128.pro" load 36 of 36 bytes.
Need PRO file for ObjType = 3, ObjID = "1034
Loaded PRO file "proto\walls\00001034.pro" load 36 of 36 bytes.
Need PRO file for ObjType = 2, ObjID = "421
Loaded PRO file "proto\scenery\00000422.pro" load 49 of 49 bytes.
Need PRO file for ObjType = 3, ObjID = "1033
Loaded PRO file "proto\walls\00001033.pro" load 36 of 36 bytes.
Need PRO file for ObjType = 3, ObjID = "55
Loaded PRO file "proto\walls\00000099.pro" load 36 of 36 bytes.
Need PRO file for ObjType = 3, ObjID = "54
Loaded PRO file "proto\walls\00000098.pro" load 36 of 36 bytes.
Need PRO file for ObjType = 2, ObjID = "150
Loaded PRO file "proto\scenery\00000151.pro" load 45 of 45 bytes.
Need PRO file for ObjType = 3, ObjID = "51
Loaded PRO file "proto\walls\00000095.pro" load 36 of 36 bytes.
Need PRO file for ObjType = 2, ObjID = "147
Loaded PRO file "proto\scenery\00000148.pro" load 45 of 45 bytes.
Need PRO file for ObjType = 3, ObjID = "50
Loaded PRO file "proto\walls\00000094.pro" load 36 of 36 bytes.
Need PRO file for ObjType = 3, ObjID = "44
Loaded PRO file "proto\walls\00000117.pro" load 36 of 36 bytes.
Need PRO file for ObjType = 2, ObjID = "18
Loaded PRO file "proto\scenery\00000018.pro" load 49 of 49 bytes.
Need PRO file for ObjType = 3, ObjID = "43
Loaded PRO file "proto\walls\00000116.pro" load 36 of 36 bytes.
Need PRO file for ObjType = 3, ObjID = "42
Loaded PRO file "proto\walls\00000115.pro" load 36 of 36 bytes.
Need PRO file for ObjType = 3, ObjID = "53
Loaded PRO file "proto\walls\00000097.pro" load 36 of 36 bytes.
Need PRO file for ObjType = 2, ObjID = "149
Loaded PRO file "proto\scenery\00000150.pro" load 45 of 45 bytes.
Need PRO file for ObjType = 3, ObjID = "52
Loaded PRO file "proto\walls\00000096.pro" load 36 of 36 bytes.
Need PRO file for ObjType = 2, ObjID = "148
Loaded PRO file "proto\scenery\00000149.pro" load 45 of 45 bytes.
Need PRO file for ObjType = 2, ObjID = "39
Loaded PRO file "proto\scenery\00000040.pro" load 45 of 45 bytes.
Need PRO file for ObjType = 3, ObjID = "45
Loaded PRO file "proto\walls\00000133.pro" load 36 of 36 bytes.
Need PRO file for ObjType = 3, ObjID = "36
Loaded PRO file "proto\walls\00000121.pro" load 36 of 36 bytes.
Need PRO file for ObjType = 2, ObjID = "19
Loaded PRO file "proto\scenery\00000019.pro" load 49 of 49 bytes.
Need PRO file for ObjType = 2, ObjID = "555
Loaded PRO file "proto\scenery\00000556.pro" load 45 of 45 bytes.
Need PRO file for ObjType = 1, ObjID = "14
Loaded PRO file "proto\critters\00000014.pro" load 416 of 416 bytes.
Need PRO file for ObjType = 0, ObjID = "318
Loaded PRO file "proto\items\00000318.pro" load 69 of 69 bytes.
Need PRO file for ObjType = 3, ObjID = "46
Loaded PRO file "proto\walls\00000134.pro" load 36 of 36 bytes.
Need PRO file for ObjType = 3, ObjID = "47
Loaded PRO file "proto\walls\00000120.pro" load 36 of 36 bytes.
Need PRO file for ObjType = 3, ObjID = "38
Loaded PRO file "proto\walls\00000124.pro" load 36 of 36 bytes.
Need PRO file for ObjType = 3, ObjID = "34
Loaded PRO file "proto\walls\00000158.pro" load 36 of 36 bytes.
Need PRO file for ObjType = 2, ObjID = "989
Loaded PRO file "proto\scenery\00000990.pro" load 45 of 45 bytes.
Need PRO file for ObjType = 3, ObjID = "224
Loaded PRO file "proto\walls\00000224.pro" load 36 of 36 bytes.
Need PRO file for ObjType = 3, ObjID = "225
Loaded PRO file "proto\walls\00000225.pro" load 36 of 36 bytes.
Need PRO file for ObjType = 3, ObjID = "226
Loaded PRO file "proto\walls\00000226.pro" load 36 of 36 bytes.
Need PRO file for ObjType = 3, ObjID = "227
Loaded PRO file "proto\walls\00000227.pro" load 36 of 36 bytes.
Need PRO file for ObjType = 3, ObjID = "229
Loaded PRO file "proto\walls\00000229.pro" load 36 of 36 bytes.
Need PRO file for ObjType = 3, ObjID = "652
Loaded PRO file "proto\walls\00000652.pro" load 36 of 36 bytes.
Need PRO file for ObjType = 3, ObjID = "228
Loaded PRO file "proto\walls\00000228.pro" load 36 of 36 bytes.
Need PRO file for ObjType = 3, ObjID = "653
Loaded PRO file "proto\walls\00000653.pro" load 36 of 36 bytes.
Need PRO file for ObjType = 2, ObjID = "990
Loaded PRO file "proto\scenery\00000991.pro" load 45 of 45 bytes.
Load FRM file "art\tiles\grid000.frm" directions: 1 frames: 1
Load FRM file "art\tiles\edg5001.frm" directions: 1 frames: 1
Load FRM file "art\tiles\edg5006.frm" directions: 1 frames: 1
Load FRM file "art\tiles\edg5003.frm" directions: 1 frames: 1
Load FRM file "art\tiles\edg5002.frm" directions: 1 frames: 1
Load FRM file "art\tiles\edg5000.frm" directions: 1 frames: 1
Load FRM file "art\tiles\edg5007.frm" directions: 1 frames: 1
Load FRM file "art\tiles\edg5004.frm" directions: 1 frames: 1
Load FRM file "art\tiles\edg5005.frm" directions: 1 frames: 1
Load FRM file "art\tiles\road03.frm" directions: 1 frames: 1
Load FRM file "art\tiles\road02.frm" directions: 1 frames: 1
Load FRM file "art\tiles\road09.frm" directions: 1 frames: 1
Load FRM file "art\tiles\BRICK23.FRM" directions: 1 frames: 1
Load FRM file "art\tiles\BRICK22.FRM" directions: 1 frames: 1
Load FRM file "art\tiles\capb000.frm" directions: 1 frames: 1
Load FRM file "art\tiles\edg1001.frm" directions: 1 frames: 1
Load FRM file "art\tiles\BRICK20.FRM" directions: 1 frames: 1
Load FRM file "art\tiles\edg3001.frm" directions: 1 frames: 1
Load FRM file "art\tiles\edg6003.frm" directions: 1 frames: 1
Load FRM file "art\tiles\edg2001.frm" directions: 1 frames: 1
Load FRM file "art\tiles\edgs004.frm" directions: 1 frames: 1
Load FRM file "art\tiles\cav4008.frm" directions: 1 frames: 1
Load FRM file "art\tiles\edg4000.frm" directions: 1 frames: 1
Load FRM file "art\tiles\edg2003.frm" directions: 1 frames: 1
Load FRM file "art\tiles\edg3000.frm" directions: 1 frames: 1
Load FRM file "art\tiles\edg1002.frm" directions: 1 frames: 1
Load FRM file "art\tiles\edg1000.frm" directions: 1 frames: 1
Load FRM file "art\tiles\edg2000.frm" directions: 1 frames: 1
Load FRM file "art\tiles\edg7002.frm" directions: 1 frames: 1
Load FRM file "art\tiles\edg2002.frm" directions: 1 frames: 1
Load FRM file "art\tiles\edg6004.frm" directions: 1 frames: 1
Load FRM file "art\tiles\edg4001.frm" directions: 1 frames: 1
Load FRM file "art\tiles\edg4002.frm" directions: 1 frames: 1
Load FRM file "art\tiles\edg6001.frm" directions: 1 frames: 1
Load FRM file "art\tiles\edg6007.frm" directions: 1 frames: 1
Load FRM file "art\tiles\edg6002.frm" directions: 1 frames: 1
Load FRM file "art\tiles\edg6000.frm" directions: 1 frames: 1
Load FRM file "art\tiles\edg7001.frm" directions: 1 frames: 1
Load FRM file "art\tiles\edg4003.frm" directions: 1 frames: 1
Load FRM file "art\tiles\edg6009.frm" directions: 1 frames: 1
Load FRM file "art\tiles\edg6011.frm" directions: 1 frames: 1
Load FRM file "art\tiles\BRICK29.FRM" directions: 1 frames: 1
Load FRM file "art\tiles\BRICK27.FRM" directions: 1 frames: 1
Load FRM file "art\tiles\edg6008.frm" directions: 1 frames: 1
Load FRM file "art\tiles\edgs001.frm" directions: 1 frames: 1
Load FRM file "art\tiles\edgs003.frm" directions: 1 frames: 1
Load FRM file "art\tiles\BRICK25.FRM" directions: 1 frames: 1
Load FRM file "art\tiles\BRICK26.FRM" directions: 1 frames: 1
Load FRM file "art\tiles\towr06.frm  " directions: 1 frames: 1
Load FRM file "art\tiles\adb006.frm  " directions: 1 frames: 1
Load FRM file "art\tiles\towr07.frm  " directions: 1 frames: 1
Load FRM file "art\tiles\adb005.frm  " directions: 1 frames: 1
Load FRM file "art\tiles\towr14.frm  " directions: 1 frames: 1
Load FRM file "art\tiles\adb004.frm  " directions: 1 frames: 1
Load FRM file "art\tiles\adb003.frm  " directions: 1 frames: 1
Load FRM file "art\tiles\adb002.frm  " directions: 1 frames: 1
Load FRM file "art\tiles\adb001.frm  " directions: 1 frames: 1
Load FRM file "art\tiles\edg1003.frm" directions: 1 frames: 1
Load FRM file "art\tiles\edg4008.frm" directions: 1 frames: 1
Load FRM file "art\tiles\edg4007.frm" directions: 1 frames: 1
Load FRM file "art\tiles\edg4006.frm" directions: 1 frames: 1
Load FRM file "art\tiles\edg6010.frm" directions: 1 frames: 1
Load FRM file "art\tiles\BRICK28.FRM" directions: 1 frames: 1
Load FRM file "art\tiles\BRICK21.FRM" directions: 1 frames: 1
Load FRM file "art\tiles\towr04.frm  " directions: 1 frames: 1
Load FRM file "art\tiles\adb015.frm  " directions: 1 frames: 1
Load FRM file "art\tiles\towr05.frm  " directions: 1 frames: 1
Load FRM file "art\tiles\adb031.frm  " directions: 1 frames: 1
Load FRM file "art\tiles\adb030.frm  " directions: 1 frames: 1
Load FRM file "art\tiles\adb029.frm  " directions: 1 frames: 1
Load FRM file "art\tiles\adb028.frm  " directions: 1 frames: 1
Load FRM file "art\tiles\adb007.frm  " directions: 1 frames: 1
Load FRM file "art\tiles\edg4004.frm" directions: 1 frames: 1
Load FRM file "art\tiles\edg4005.frm" directions: 1 frames: 1
Load FRM file "art\tiles\adb016.frm  " directions: 1 frames: 1
Load FRM file "art\tiles\adb035.frm  " directions: 1 frames: 1
Load FRM file "art\tiles\adb034.frm  " directions: 1 frames: 1
Load FRM file "art\tiles\adb033.frm  " directions: 1 frames: 1
Load FRM file "art\tiles\adb032.frm  " directions: 1 frames: 1
Load FRM file "art\tiles\adb008.frm  " directions: 1 frames: 1
Load FRM file "art\tiles\edg7000.frm" directions: 1 frames: 1
Load FRM file "art\tiles\adb017.frm  " directions: 1 frames: 1
Load FRM file "art\tiles\adb009.frm  " directions: 1 frames: 1
Load FRM file "art\tiles\edgs002.frm" directions: 1 frames: 1
Load FRM file "art\tiles\adb018.frm  " directions: 1 frames: 1
Load FRM file "art\tiles\adb010.frm  " directions: 1 frames: 1
Load FRM file "art\tiles\edgs000.frm" directions: 1 frames: 1
Load FRM file "art\tiles\adb025.frm  " directions: 1 frames: 1
Load FRM file "art\tiles\adb011.frm  " directions: 1 frames: 1
Load FRM file "art\tiles\adb013.frm  " directions: 1 frames: 1
Load FRM file "art\tiles\towr12.frm  " directions: 1 frames: 1
Load FRM file "art\tiles\towr02.frm  " directions: 1 frames: 1
Load FRM file "art\tiles\adb012.frm  " directions: 1 frames: 1
Load FRM file "art\tiles\edg6005.frm" directions: 1 frames: 1
Load FRM file "art\tiles\towr01.frm  " directions: 1 frames: 1
Load FRM file "art\tiles\edg5008.frm" directions: 1 frames: 1
Load FRM file "art\tiles\adb024.frm  " directions: 1 frames: 1
Load FRM file "art\tiles\adb023.frm  " directions: 1 frames: 1
Load FRM file "art\tiles\adb022.frm  " directions: 1 frames: 1
Load FRM file "art\tiles\adb021.frm  " directions: 1 frames: 1
Load FRM file "art\tiles\towr08.frm  " directions: 1 frames: 1
Load FRM file "art\tiles\adb020.frm  " directions: 1 frames: 1
Load FRM file "art\tiles\towr03.frm  " directions: 1 frames: 1
Load FRM file "art\tiles\towr09.frm  " directions: 1 frames: 1
Load FRM file "art\tiles\adb019.frm  " directions: 1 frames: 1
Load FRM file "art\tiles\BRICK30.FRM" directions: 1 frames: 1
Load FRM file "art\tiles\BRICK24.FRM" directions: 1 frames: 1
Load FRM file "art\tiles\mbrf203.frm " directions: 1 frames: 1
Load FRM file "art\tiles\mbrf202.frm " directions: 1 frames: 1
Load FRM file "art\tiles\mbrf201.frm " directions: 1 frames: 1
Load FRM file "art\tiles\edg6006.frm" directions: 1 frames: 1
Load FRM file "art\tiles\rckt212.frm" directions: 1 frames: 1
Load FRM file "art\tiles\road01.frm" directions: 1 frames: 1
Load FRM file "art\tiles\road04.frm" directions: 1 frames: 1
Load FRM file "art\tiles\edg7003.frm" directions: 1 frames: 1
Load FRM file "art\tiles\road24.frm" directions: 1 frames: 1
Load FRM file "art\tiles\road23.frm" directions: 1 frames: 1
Load FRM file "art\tiles\road22.frm" directions: 1 frames: 1
Load FRM file "art\tiles\road25.frm" directions: 1 frames: 1
Load FRM file "art\tiles\road16.frm" directions: 1 frames: 1
Load FRM file "art\tiles\road19.frm" directions: 1 frames: 1
Load FRM file "art\tiles\road05.frm" directions: 1 frames: 1
Load FRM file "art\tiles\BRICK32.FRM" directions: 1 frames: 1
Load FRM file "art\tiles\rckt213.frm" directions: 1 frames: 1
Load FRM file "art\tiles\adb014.frm  " directions: 1 frames: 1
Load FRM file "art\tiles\adb027.frm  " directions: 1 frames: 1
Load FRM file "art\tiles\BRICK31.FRM" directions: 1 frames: 1
Load FRM file "art\tiles\road28.frm" directions: 1 frames: 1
Load FRM file "art\tiles\road10.frm" directions: 1 frames: 1
Load FRM file "art\tiles\road13.frm" directions: 1 frames: 1
Load FRM file "art\tiles\road30.frm" directions: 1 frames: 1
Load FRM file "art\tiles\road31.frm" directions: 1 frames: 1
Load FRM file "art\tiles\road21.frm" directions: 1 frames: 1
Load FRM file "art\tiles\road15.frm" directions: 1 frames: 1
Load FRM file "art\tiles\road20.frm" directions: 1 frames: 1
Load FRM file "art\tiles\road14.frm" directions: 1 frames: 1
Load FRM file "art\tiles\road32.frm" directions: 1 frames: 1
Load FRM file "art\tiles\road29.frm" directions: 1 frames: 1
Load FRM file "art\walls\rl02000.frm" directions: 1 frames: 1
Load FRM file "art\walls\rl04000.frm" directions: 1 frames: 1
Load FRM file "art\scenery\block.frm" directions: 1 frames: 1
Load FRM file "art\scenery\weed02.frm" directions: 1 frames: 1
Load FRM file "art\scenery\weed04.frm" directions: 1 frames: 1
Load FRM file "art\scenery\TREE8.FRM" directions: 1 frames: 1
Load FRM file "art\scenery\tree4.frm" directions: 1 frames: 1
Load FRM file "art\scenery\weed03.frm" directions: 1 frames: 1
Load FRM file "art\walls\rl01000.frm" directions: 1 frames: 1
Load FRM file "art\scenery\MARYJ01.FRM" directions: 1 frames: 1
Load FRM file "art\scenery\tree5.frm" directions: 1 frames: 1
Load FRM file "art\walls\block.frm" directions: 1 frames: 1
Load FRM file "art\walls\rl03000.frm" directions: 1 frames: 1
Load FRM file "art\scenery\tree6.frm" directions: 1 frames: 1
Load FRM file "art\scenery\TREE7.FRM" directions: 1 frames: 1
Load FRM file "art\scenery\vclight1.frm" directions: 1 frames: 1
Load FRM file "art\misc\block.frm" directions: 1 frames: 1
Load FRM file "art\scenery\TREE9.FRM" directions: 1 frames: 1
Load FRM file "art\critters\nfvaltaa.frm" directions: 6 frames: 18
Load FRM file "art\scenery\weed01.frm" directions: 1 frames: 1
Load FRM file "art\misc\exitgrd5.frm" directions: 1 frames: 1
Load FRM file "art\walls\adb1031.frm " directions: 1 frames: 1
Load FRM file "art\walls\adb1026.frm " directions: 1 frames: 1
Load FRM file "art\walls\adb1025.frm " directions: 1 frames: 1
Load FRM file "art\walls\adb1024.frm " directions: 1 frames: 1
Load FRM file "art\walls\adb1023.frm " directions: 1 frames: 1
Load FRM file "art\walls\adb1022.frm " directions: 1 frames: 1
Load FRM file "art\walls\adb1021.frm " directions: 1 frames: 1
Load FRM file "art\walls\adb1020.frm " directions: 1 frames: 1
Load FRM file "art\walls\adb1019.frm " directions: 1 frames: 1
Load FRM file "art\scenery\weed07.frm" directions: 1 frames: 1
Load FRM file "art\walls\adb1027.frm " directions: 1 frames: 1
Load FRM file "art\walls\adb2000.frm " directions: 1 frames: 1
Load FRM file "art\scenery\stbed04.frm " directions: 1 frames: 1
Load FRM file "art\walls\VWLA000.FRM" directions: 1 frames: 1
Load FRM file "art\scenery\tree10.frm" directions: 1 frames: 1
Load FRM file "art\walls\adb1028.frm " directions: 1 frames: 1
Load FRM file "art\scenery\box06.frm   " directions: 1 frames: 1
Load FRM file "art\walls\adb2001.frm " directions: 1 frames: 1
Load FRM file "art\scenery\vccorn01.frm" directions: 1 frames: 1
Load FRM file "art\walls\adb1002.frm " directions: 1 frames: 1
Load FRM file "art\scenery\MARYJ02.FRM" directions: 1 frames: 1
Load FRM file "art\scenery\rock10.frm" directions: 1 frames: 1
Load FRM file "art\walls\VWLA001.FRM" directions: 1 frames: 1
Load FRM file "art\walls\adb1029.frm " directions: 1 frames: 1
Load FRM file "art\scenery\FORCFD03.FRM" directions: 1 frames: 1
Load FRM file "art\walls\adb0991.frm " directions: 1 frames: 1
Load FRM file "art\scenery\rock09.frm" directions: 1 frames: 1
Load FRM file "art\walls\VWLA002.FRM" directions: 1 frames: 1
Load FRM file "art\walls\adb1030.frm " directions: 1 frames: 1
Load FRM file "art\walls\adb2007.frm " directions: 1 frames: 1
Load FRM file "art\walls\adb0990.frm " directions: 1 frames: 1
Load FRM file "art\scenery\rock07.frm" directions: 1 frames: 1
Load FRM file "art\walls\VWLA003.FRM" directions: 1 frames: 1
Load FRM file "art\walls\adb2004.frm " directions: 1 frames: 1
Load FRM file "art\scenery\VCWIND07.FRM" directions: 1 frames: 1
Load FRM file "art\walls\adb0989.frm " directions: 1 frames: 1
Load FRM file "art\walls\VWLA004.FRM" directions: 1 frames: 1
Load FRM file "art\scenery\box07.frm   " directions: 1 frames: 1
Load FRM file "art\walls\adb2018.frm " directions: 1 frames: 1
Load FRM file "art\walls\adb2011.frm " directions: 1 frames: 1
Load FRM file "art\walls\adb2014.frm " directions: 1 frames: 1
Load FRM file "art\walls\adb2013.frm " directions: 1 frames: 1
Load FRM file "art\walls\adb2012.frm " directions: 1 frames: 1
Load FRM file "art\scenery\roks3.frm" directions: 1 frames: 1
Load FRM file "art\scenery\roks.frm" directions: 1 frames: 1
Load FRM file "art\walls\VWLA005.FRM" directions: 1 frames: 1
Load FRM file "art\scenery\weed24.frm" directions: 1 frames: 1
Load FRM file "art\walls\VWLA006.FRM" directions: 1 frames: 1
Load FRM file "art\critters\navgulaa.frm" directions: 6 frames: 12
Load FRM file "art\misc\exitgrd1.frm" directions: 1 frames: 1
Load FRM file "art\walls\VWLA007.FRM" directions: 1 frames: 1
Load FRM file "art\walls\VWLA008.FRM" directions: 1 frames: 1
Load FRM file "art\walls\adb1032.frm " directions: 1 frames: 1
Load FRM file "art\walls\VWLA009.FRM" directions: 1 frames: 1
Load FRM file "art\scenery\roks2.frm" directions: 1 frames: 1
Load FRM file "art\walls\VWLA010.FRM" directions: 1 frames: 1
Load FRM file "art\walls\adb2003.frm " directions: 1 frames: 1
Load FRM file "art\walls\adb2022.frm " directions: 1 frames: 1
Load FRM file "art\walls\VWLA011.FRM" directions: 1 frames: 1
Load FRM file "art\scenery\comp4.frm" directions: 1 frames: 1
Load FRM file "art\walls\VWLA012.FRM" directions: 1 frames: 1
Load FRM file "art\critters\hmcmbtaa.frm" directions: 6 frames: 12
Load FRM file "art\walls\VWLA013.FRM" directions: 1 frames: 1
Load FRM file "art\misc\exitgrd8.frm" directions: 1 frames: 1
Load FRM file "art\walls\VWLA014.FRM" directions: 1 frames: 1
Load FRM file "art\scenery\tbl4000.frm" directions: 1 frames: 1
Load FRM file "art\walls\VWLA015.FRM" directions: 1 frames: 1
Load FRM file "art\scenery\SIGN26.FRM" directions: 1 frames: 1
Load FRM file "art\scenery\VTOP03.FRM" directions: 1 frames: 1
Load FRM file "art\scenery\VTOP01.FRM" directions: 1 frames: 1
Load FRM file "art\scenery\VTOP02.FRM" directions: 1 frames: 1
Load FRM file "art\walls\VWLA016.FRM" directions: 1 frames: 1
Load FRM file "art\critters\hmlthrja.frm" directions: 6 frames: 15
Load FRM file "art\walls\VWLA017.FRM" directions: 1 frames: 1
Load FRM file "art\walls\adb2005.frm " directions: 1 frames: 1
Load FRM file "art\scenery\SIGN26B.FRM" directions: 1 frames: 1
Load FRM file "art\scenery\barrel.frm" directions: 1 frames: 1
Load FRM file "art\walls\VWLA018.FRM" directions: 1 frames: 1
Load FRM file "art\walls\adb2006.frm " directions: 1 frames: 1
Load FRM file "art\walls\VWLA019.FRM" directions: 1 frames: 1
Load FRM file "art\walls\VWLA020.FRM" directions: 1 frames: 1
Load FRM file "art\walls\adb1007.frm " directions: 1 frames: 1
Load FRM file "art\walls\adb1005.frm " directions: 1 frames: 1
Load FRM file "art\walls\adb1014.frm " directions: 1 frames: 1
Load FRM file "art\scenery\vcdoor01.frm" directions: 1 frames: 8
Load FRM file "art\walls\adb1013.frm " directions: 1 frames: 1
Load FRM file "art\scenery\vccorn02.frm" directions: 1 frames: 1
Load FRM file "art\walls\adb1003.frm " directions: 1 frames: 1
Load FRM file "art\walls\VWLB000.FRM" directions: 1 frames: 1
Load FRM file "art\scenery\vccorn03.frm" directions: 1 frames: 1
Load FRM file "art\walls\adb1018.frm " directions: 1 frames: 1
Load FRM file "art\scenery\VCWIND02.FRM" directions: 1 frames: 1
Load FRM file "art\walls\adb1008.frm " directions: 1 frames: 1
Load FRM file "art\walls\adb1006.frm " directions: 1 frames: 1
Load FRM file "art\walls\VWLB001.FRM" directions: 1 frames: 1
Load FRM file "art\walls\VWLB002.FRM" directions: 1 frames: 1
Load FRM file "art\critters\nmvaltaa.frm" directions: 6 frames: 12
Load FRM file "art\scenery\weed10.frm" directions: 1 frames: 1
Load FRM file "art\scenery\SIGN21.FRM" directions: 1 frames: 1
Load FRM file "art\walls\VWLB004.FRM" directions: 1 frames: 1
Load FRM file "art\walls\VWLB003.FRM" directions: 1 frames: 1
Load FRM file "art\scenery\VTOP08.FRM" directions: 1 frames: 1
Load FRM file "art\scenery\VTOP05.FRM" directions: 1 frames: 1
Load FRM file "art\scenery\VTOP07.FRM" directions: 1 frames: 1
Load FRM file "art\scenery\VTOP04.FRM" directions: 1 frames: 1
Load FRM file "art\scenery\VTOP06.FRM" directions: 1 frames: 1
Load FRM file "art\walls\VWLB005.FRM" directions: 1 frames: 1
Load FRM file "art\walls\VWLB006.FRM" directions: 1 frames: 1
Load FRM file "art\walls\rl13000.frm" directions: 1 frames: 1
Load FRM file "art\walls\rl07000.frm" directions: 1 frames: 1
Load FRM file "art\walls\rl06000.frm" directions: 1 frames: 1
Load FRM file "art\walls\rl05000.frm" directions: 1 frames: 1
Load FRM file "art\walls\rl09000.frm" directions: 1 frames: 1
Load FRM file "art\walls\rl10000.frm" directions: 1 frames: 1
Load FRM file "art\walls\VWLB007.FRM" directions: 1 frames: 1
Load FRM file "art\misc\exitgrd4.frm" directions: 1 frames: 1
Load FRM file "art\walls\VWLB008.FRM" directions: 1 frames: 1
Load FRM file "art\walls\VWLB009.FRM" directions: 1 frames: 1
Load FRM file "art\walls\VWLB010.FRM" directions: 1 frames: 1
Load FRM file "art\scenery\tree11.frm" directions: 1 frames: 1
Load FRM file "art\walls\VWLB011.FRM" directions: 1 frames: 1
Load FRM file "art\walls\VWLB012.FRM" directions: 1 frames: 1
Load FRM file "art\walls\VWLB013.FRM" directions: 1 frames: 1
Load FRM file "art\walls\VWLB014.FRM" directions: 1 frames: 1
Load FRM file "art\scenery\comp3.frm" directions: 1 frames: 1
Load FRM file "art\walls\VWLB015.FRM" directions: 1 frames: 1
Load FRM file "art\scenery\bedmilt2.frm" directions: 1 frames: 1
Load FRM file "art\critters\hmlthraa.frm" directions: 6 frames: 12
Load FRM file "art\walls\VWLB016.FRM" directions: 1 frames: 1
Load FRM file "art\walls\adb0994.frm " directions: 1 frames: 1
Load FRM file "art\walls\VWLC000.FRM" directions: 1 frames: 1
Load FRM file "art\scenery\bedmilt3.frm" directions: 1 frames: 1
Load FRM file "art\scenery\vcdoor02.frm" directions: 1 frames: 8
Load FRM file "art\walls\VWLC001.FRM" directions: 1 frames: 1
Load FRM file "art\scenery\tbl2000.frm" directions: 1 frames: 1
Load FRM file "art\walls\adb0995.frm " directions: 1 frames: 1
Load FRM file "art\walls\VWLC002.FRM" directions: 1 frames: 1
Load FRM file "art\walls\VWLC003.FRM" directions: 1 frames: 1
Load FRM file "art\walls\VWLC004.FRM" directions: 1 frames: 1
Load FRM file "art\walls\VWLC005.FRM" directions: 1 frames: 1
Load FRM file "art\scenery\VCWIND04.FRM" directions: 1 frames: 1
Load FRM file "art\scenery\monitr7.frm " directions: 1 frames: 1
Load FRM file "art\scenery\craftC.FRM" directions: 1 frames: 1
Load FRM file "art\scenery\weed25.frm" directions: 1 frames: 1
Load FRM file "art\walls\VWLC006.FRM" directions: 1 frames: 1
Load FRM file "art\scenery\weed26.frm" directions: 1 frames: 1
Load FRM file "art\walls\VWLC007.FRM" directions: 1 frames: 1
Load FRM file "art\walls\VWLC008.FRM" directions: 1 frames: 1
Load FRM file "art\scenery\comp6.frm" directions: 1 frames: 1
Load FRM file "art\walls\VWLC009.FRM" directions: 1 frames: 1
Load FRM file "art\scenery\vccorn04.frm" directions: 1 frames: 1
Load FRM file "art\scenery\monitr8.frm " directions: 1 frames: 1
Load FRM file "art\scenery\VCWIND06.FRM" directions: 1 frames: 1
Load FRM file "art\scenery\tbl1000.frm" directions: 1 frames: 1
Load FRM file "art\scenery\JUNK17.FRM" directions: 1 frames: 1
Load FRM file "art\scenery\JUNK18.FRM" directions: 1 frames: 1
Load FRM file "art\scenery\JUNK16.FRM" directions: 1 frames: 1
Load FRM file "art\scenery\bigshlf4.frm" directions: 1 frames: 1
Load FRM file "art\scenery\JUNK15.FRM" directions: 1 frames: 1
Load FRM file "art\walls\NCRDOR02.FRM" directions: 1 frames: 1
Load FRM file "art\walls\adb2010.frm " directions: 1 frames: 1
Load FRM file "art\scenery\ncrdoor2.frm" directions: 1 frames: 8
Load FRM file "art\walls\NCRDOR01.FRM" directions: 1 frames: 1
Load FRM file "art\critters\nmbrlpaa.frm" directions: 6 frames: 12
Load FRM file "art\items\ibox08.frm" directions: 1 frames: 1
Load FRM file "art\scenery\comp2.frm" directions: 1 frames: 1
Load FRM file "art\scenery\monitr6.frm " directions: 1 frames: 1
Load FRM file "art\scenery\monitr5.frm " directions: 1 frames: 1
Load FRM file "art\scenery\monitr4.frm " directions: 1 frames: 1
Load FRM file "art\scenery\door01.frm" directions: 1 frames: 3
Load FRM file "art\scenery\rock08.frm" directions: 1 frames: 1
Load FRM file "art\scenery\JUNK11.FRM" directions: 1 frames: 1
Load FRM file "art\scenery\JUNK12.FRM" directions: 1 frames: 1
Load FRM file "art\scenery\JUNK13.FRM" directions: 1 frames: 1
Load FRM file "art\scenery\JUNK14.FRM" directions: 1 frames: 1
Load FRM file "art\scenery\bigshlf3.frm" directions: 1 frames: 1
Load FRM file "art\scenery\chr2000.frm" directions: 1 frames: 1
Load FRM file "art\walls\adb1033.frm " directions: 1 frames: 1
Load FRM file "art\scenery\vccorn06.frm" directions: 1 frames: 1
Load FRM file "art\scenery\VCWIND03.FRM" directions: 1 frames: 1
Load FRM file "art\scenery\bath01.frm  " directions: 1 frames: 1
Load FRM file "art\items\dskmilt3.frm" directions: 1 frames: 1
Load FRM file "art\scenery\box08.frm   " directions: 1 frames: 1
Load FRM file "art\scenery\VCWIND05.FRM" directions: 1 frames: 1
Load FRM file "art\items\locker3.frm " directions: 1 frames: 4
Load FRM file "art\scenery\vccorn05.frm" directions: 1 frames: 1
Load FRM file "art\scenery\VCWIND09.FRM" directions: 1 frames: 1
Load FRM file "art\scenery\HORSE1.FRM" directions: 1 frames: 1
Load FRM file "art\scenery\HORSE2.FRM" directions: 1 frames: 1
Load FRM file "art\walls\fence12.frm" directions: 1 frames: 1
Load FRM file "art\walls\fence02.frm" directions: 1 frames: 1
Load FRM file "art\walls\fence04.frm" directions: 1 frames: 1
Load FRM file "art\walls\fence03.frm" directions: 1 frames: 1
Load FRM file "art\walls\fence06.frm" directions: 1 frames: 1
Load FRM file "art\walls\fence05.frm" directions: 1 frames: 1
Load FRM file "art\walls\fence01.frm" directions: 1 frames: 1
Load FRM file "art\walls\fence11.frm" directions: 1 frames: 1
Load FRM file "art\walls\fence10.frm" directions: 1 frames: 1
Load FRM file "art\walls\fence09.frm" directions: 1 frames: 1
Load FRM file "art\walls\fence08.frm" directions: 1 frames: 1
Load FRM file "art\walls\fence07.frm" directions: 1 frames: 1
Load FRM file "art\scenery\stop1.frm" directions: 1 frames: 1
Load FRM file "art\misc\exitgrd7.frm" directions: 1 frames: 1
Load FRM file "art\misc\exitgrd3.frm" directions: 1 frames: 1
Load FRM file "art\misc\exitgrd2.frm" directions: 1 frames: 1
Load FRM file "art\tiles\cav4009.frm" directions: 1 frames: 1
Load FRM file "art\tiles\cav4011.frm" directions: 1 frames: 1
Load FRM file "art\tiles\cav4010.frm" directions: 1 frames: 1
Load FRM file "art\tiles\rst1000.frm" directions: 1 frames: 1
Load FRM file "art\tiles\grt2000.frm" directions: 1 frames: 1
Load FRM file "art\walls\ca078.frm" directions: 1 frames: 1
Load FRM file "art\walls\vcn6000.frm" directions: 1 frames: 1
Load FRM file "art\walls\va2001.frm" directions: 1 frames: 1
Load FRM file "art\walls\va2000.frm" directions: 1 frames: 1
Load FRM file "art\walls\va5001.frm" directions: 1 frames: 1
Load FRM file "art\walls\va1000.frm" directions: 1 frames: 1
Load FRM file "art\walls\vcn4000.frm" directions: 1 frames: 1
Load FRM file "art\walls\vb4003.frm" directions: 1 frames: 1
Load FRM file "art\walls\ca059.frm" directions: 1 frames: 1
Load FRM file "art\walls\vb3001.frm" directions: 1 frames: 1
Load FRM file "art\walls\ca062.frm" directions: 1 frames: 1
Load FRM file "art\walls\vb4000.frm" directions: 1 frames: 1
Load FRM file "art\scenery\vbed-90.frm" directions: 1 frames: 1
Load FRM file "art\scenery\holo.frm" directions: 1 frames: 1
Load FRM file "art\walls\ca060.frm" directions: 1 frames: 1
Load FRM file "art\walls\vb3000.frm" directions: 1 frames: 1
Load FRM file "art\walls\ca061.frm" directions: 1 frames: 1
Load FRM file "art\walls\va6001.frm" directions: 1 frames: 1
Load FRM file "art\walls\va6000.frm" directions: 1 frames: 1
Load FRM file "art\walls\vtx000.frm" directions: 1 frames: 1
Load FRM file "art\walls\vcn3000.frm" directions: 1 frames: 1
Load FRM file "art\walls\vt2000.frm" directions: 1 frames: 1
Load FRM file "art\walls\va5000.frm" directions: 1 frames: 1
Load FRM file "art\walls\vt1000.frm" directions: 1 frames: 1
Load FRM file "art\scenery\velev03.frm " directions: 1 frames: 1
Load FRM file "art\scenery\vosv000.frm" directions: 1 frames: 1
Load FRM file "art\scenery\velev01.frm " directions: 1 frames: 1
Load FRM file "art\scenery\comp1.frm" directions: 1 frames: 1
Load FRM file "art\walls\vb4001.frm" directions: 1 frames: 1
Load FRM file "art\walls\vt3000.frm" directions: 1 frames: 1
Load FRM file "art\walls\velvdr02.frm" directions: 1 frames: 1
Load FRM file "art\scenery\velev05.frm " directions: 1 frames: 7
Load FRM file "art\walls\velvdr01.frm" directions: 1 frames: 1
Load FRM file "art\walls\vaw1005.frm" directions: 1 frames: 1
Load FRM file "art\scenery\vwin04.frm" directions: 1 frames: 1
Load FRM file "art\walls\vaw1004.frm" directions: 1 frames: 1
Load FRM file "art\scenery\vwin01.frm" directions: 1 frames: 1
Load FRM file "art\walls\vaw1001.frm" directions: 1 frames: 1
Load FRM file "art\walls\vaw1000.frm" directions: 1 frames: 1
Load FRM file "art\walls\vd1002.frm" directions: 1 frames: 1
Load FRM file "art\scenery\vdoorf.frm" directions: 1 frames: 8
Load FRM file "art\walls\vd1001.frm" directions: 1 frames: 1
Load FRM file "art\walls\vd1000.frm" directions: 1 frames: 1
Load FRM file "art\scenery\vwin03.frm" directions: 1 frames: 1
Load FRM file "art\walls\vaw1003.frm" directions: 1 frames: 1
Load FRM file "art\scenery\vwin02.frm" directions: 1 frames: 1
Load FRM file "art\walls\vaw1002.frm" directions: 1 frames: 1
Load FRM file "art\scenery\chr1000.frm" directions: 1 frames: 1
Load FRM file "art\walls\vd6000.frm" directions: 1 frames: 1
Load FRM file "art\walls\ve2000.frm" directions: 1 frames: 1
Load FRM file "art\scenery\vdoors.frm" directions: 1 frames: 8
Load FRM file "art\scenery\gtank01.frm " directions: 1 frames: 1
Load FRM file "art\critters\nmlabbaa.frm" directions: 6 frames: 12
Load FRM file "art\walls\vd6001.frm" directions: 1 frames: 1
Load FRM file "art\walls\vd2002.frm" directions: 1 frames: 1
Load FRM file "art\walls\ve4000.frm" directions: 1 frames: 1
Load FRM file "art\walls\vx1000.frm" directions: 1 frames: 1
Load FRM file "art\scenery\V13SECR7.FRM" directions: 1 frames: 1
Load FRM file "art\walls\ca053.frm" directions: 1 frames: 1
Load FRM file "art\walls\ca054.frm" directions: 1 frames: 1
Load FRM file "art\walls\ca055.frm" directions: 1 frames: 1
Load FRM file "art\walls\ca056.frm" directions: 1 frames: 1
Load FRM file "art\walls\ca058.frm" directions: 1 frames: 1
Load FRM file "art\walls\ca079.frm" directions: 1 frames: 1
Load FRM file "art\walls\ca057.frm" directions: 1 frames: 1
Load FRM file "art\walls\ca080.frm" directions: 1 frames: 1
Load FRM file "art\scenery\V13SECR8.FRM" directions: 1 frames: 1
Attach DDraw primary surface ...
Attach DDraw map surface ...
Attach DDraw navigator surface ...
Attach DDraw inventory surface ...
Attach DDraw object editor surface ...
Load FRM file "art\items\knife.frm" directions: 1 frames: 1
Load FRM file "art\items\uzi.frm" directions: 1 frames: 1
Load FRM file "art\items\rifle.frm" directions: 1 frames: 1
Load FRM file "art\items\pistol.frm" directions: 1 frames: 1
Load FRM file "art\items\ammo.frm" directions: 1 frames: 1
